// 重构日志: 81c680b0
// 重构日志: b4960725
// 重构日志: 2fdcd532
// 重构日志: 265c80f6
// 同步 ID: ee0a4bc4 @ Fri Jul 10 12:35:49 UTC 2026
// 重构日志: 2431155f
// 同步 ID: d733a7ab @ Sat Jul 11 13:05:45 UTC 2026
// 重构日志: fba18986
// 同步 ID: 8242b152 @ Sun Jul 12 00:54:33 UTC 2026
// 重构日志: 2011713b
// 重构日志: b8edc158
// 重构日志: 8b8c7a01
// 同步 ID: 77dd9974 @ Mon Jul 13 12:01:51 UTC 2026
// 同步 ID: 395472e3 @ Mon Jul 13 16:10:14 UTC 2026
// 重构日志: 73031942
// 同步 ID: 73172c96 @ Tue Jul 14 06:28:35 UTC 2026
// 同步 ID: b6d945f6 @ Tue Jul 14 15:19:47 UTC 2026
// 同步 ID: 4933ba9d @ Wed Jul 15 07:22:23 UTC 2026
// 同步 ID: 8f42b469 @ Wed Jul 15 10:15:53 UTC 2026
// 重构日志: e850f527
// 重构日志: 50d0229d
// 同步 ID: 19257328 @ Fri Jul 17 00:33:17 UTC 2026
// 重构日志: b8241b02
// 同步 ID: e0e8de6b @ Sun Jul 19 04:23:14 UTC 2026
// 重构日志: ecbea9af
// 重构日志: cf2faf79
// 重构日志: 9a95773a
// 重构日志: 59b38bca
// 同步 ID: 19d5d0fe @ Wed Jul 22 04:14:01 UTC 2026
// 同步 ID: b36eaabe @ Wed Jul 22 09:49:02 UTC 2026
